2024-12-12 09:34:25.156 [main] INFO  c.e.d.MainApp -
				Starting MainApp using Java 21.0.4 with PID 9100 (C:\Users\NTPU\git\TicksBackendcs\tickets-backend\target\classes started by NTPU in C:\Users\NTPU\git\TicksBackendcs\tickets-backend)
2024-12-12 09:34:25.160 [main] INFO  c.e.d.MainApp -
				No active profile set, falling back to 1 default profile: "default"
2024-12-12 09:34:26.835 [main] INFO  o.a.c.h.Http11NioProtocol -
				Initializing ProtocolHandler ["http-nio-8080"]
2024-12-12 09:34:26.837 [main] INFO  o.a.c.c.StandardService -
				Starting service [Tomcat]
2024-12-12 09:34:26.838 [main] INFO  o.a.c.c.StandardEngine -
				Starting Servlet engine: [Apache Tomcat/10.1.31]
2024-12-12 09:34:26.964 [main] INFO  o.a.j.s.TldScanner -
				At least one JAR was scanned for TLDs yet contained no TLDs. Enable debug logging for this logger for a complete list of JARs that were scanned but no TLDs were found in them. Skipping unneeded JARs during scanning can improve startup time and JSP compilation time.
2024-12-12 09:34:26.968 [main] INFO  o.a.c.c.C.[.[.[/] -
				Initializing Spring embedded WebApplicationContext
2024-12-12 09:34:27.526 [main] INFO  c.z.h.HikariDataSource -
				HikariPool-1 - Starting...
2024-12-12 09:34:27.642 [main] INFO  c.z.h.p.HikariPool -
				HikariPool-1 - Added connection com.mysql.cj.jdbc.ConnectionImpl@2ecd2aa4
2024-12-12 09:34:27.644 [main] INFO  c.z.h.HikariDataSource -
				HikariPool-1 - Start completed.
2024-12-12 09:34:29.129 [main] INFO  o.r.Version -
				Redisson 3.22.0
2024-12-12 09:34:29.363 [redisson-netty-2-5] INFO  o.r.c.p.MasterPubSubConnectionPool -
				1 connections initialized for localhost/127.0.0.1:6379
2024-12-12 09:34:29.366 [redisson-netty-2-8] INFO  o.r.c.p.MasterConnectionPool -
				2 connections initialized for localhost/127.0.0.1:6379
2024-12-12 09:34:29.991 [main] WARN  o.s.b.a.s.s.UserDetailsServiceAutoConfiguration -
				

Using generated security password: 7474a611-9425-45a4-ae12-24be2cc04037

This generated password is for development use only. Your security configuration must be updated before running your application in production.

2024-12-12 09:34:30.953 [main] INFO  o.a.c.h.Http11NioProtocol -
				Starting ProtocolHandler ["http-nio-8080"]
2024-12-12 09:34:31.057 [main] INFO  c.e.d.MainApp -
				Started MainApp in 6.254 seconds (process running for 6.794)
2024-12-12 09:34:31.366 [RMI TCP Connection(4)-127.0.0.1] INFO  o.a.c.c.C.[.[.[/] -
				Initializing Spring DispatcherServlet 'dispatcherServlet'
2024-12-12 09:43:10.769 [RMI TCP Connection(20)-127.0.0.1] INFO  o.a.c.h.Http11NioProtocol -
				Stopping ProtocolHandler ["http-nio-8080"]
2024-12-12 09:43:10.788 [RMI TCP Connection(20)-127.0.0.1] INFO  c.z.h.HikariDataSource -
				HikariPool-1 - Shutdown initiated...
2024-12-12 09:43:10.793 [RMI TCP Connection(20)-127.0.0.1] INFO  c.z.h.HikariDataSource -
				HikariPool-1 - Shutdown completed.
2024-12-12 09:43:13.252 [main] INFO  c.e.d.MainApp -
				Starting MainApp using Java 21.0.4 with PID 7076 (C:\Users\NTPU\git\TicksBackendcs\tickets-backend\target\classes started by NTPU in C:\Users\NTPU\git\TicksBackendcs\tickets-backend)
2024-12-12 09:43:13.253 [main] INFO  c.e.d.MainApp -
				No active profile set, falling back to 1 default profile: "default"
2024-12-12 09:43:14.614 [main] INFO  o.a.c.h.Http11NioProtocol -
				Initializing ProtocolHandler ["http-nio-8080"]
2024-12-12 09:43:14.616 [main] INFO  o.a.c.c.StandardService -
				Starting service [Tomcat]
2024-12-12 09:43:14.617 [main] INFO  o.a.c.c.StandardEngine -
				Starting Servlet engine: [Apache Tomcat/10.1.31]
2024-12-12 09:43:14.730 [main] INFO  o.a.j.s.TldScanner -
				At least one JAR was scanned for TLDs yet contained no TLDs. Enable debug logging for this logger for a complete list of JARs that were scanned but no TLDs were found in them. Skipping unneeded JARs during scanning can improve startup time and JSP compilation time.
2024-12-12 09:43:14.733 [main] INFO  o.a.c.c.C.[.[.[/] -
				Initializing Spring embedded WebApplicationContext
2024-12-12 09:43:15.209 [main] INFO  c.z.h.HikariDataSource -
				HikariPool-1 - Starting...
2024-12-12 09:43:15.304 [main] INFO  c.z.h.p.HikariPool -
				HikariPool-1 - Added connection com.mysql.cj.jdbc.ConnectionImpl@5edaa572
2024-12-12 09:43:15.305 [main] INFO  c.z.h.HikariDataSource -
				HikariPool-1 - Start completed.
2024-12-12 09:43:16.625 [main] INFO  o.r.Version -
				Redisson 3.22.0
2024-12-12 09:43:16.801 [redisson-netty-2-5] INFO  o.r.c.p.MasterPubSubConnectionPool -
				1 connections initialized for localhost/127.0.0.1:6379
2024-12-12 09:43:16.803 [redisson-netty-2-8] INFO  o.r.c.p.MasterConnectionPool -
				2 connections initialized for localhost/127.0.0.1:6379
2024-12-12 09:43:17.289 [main] WARN  o.s.b.w.s.c.AnnotationConfigServletWebServerApplicationContext -
				Exception encountered during context initialization - cancelling refresh attempt: org.springframework.beans.factory.BeanCreationException: Error creating bean with name 'jwtInterceptor': Injection of autowired dependencies failed
2024-12-12 09:43:17.300 [main] INFO  c.z.h.HikariDataSource -
				HikariPool-1 - Shutdown initiated...
2024-12-12 09:43:17.303 [main] INFO  c.z.h.HikariDataSource -
				HikariPool-1 - Shutdown completed.
2024-12-12 09:43:17.305 [main] INFO  o.a.c.c.StandardService -
				Stopping service [Tomcat]
2024-12-12 09:43:17.323 [main] ERROR o.s.b.SpringApplication -
				Application run failed
org.springframework.beans.factory.BeanCreationException: Error creating bean with name 'jwtInterceptor': Injection of autowired dependencies failed
	at org.springframework.beans.factory.annotation.AutowiredAnnotationBeanPostProcessor.postProcessProperties(AutowiredAnnotationBeanPostProcessor.java:515)
	at org.springframework.beans.factory.support.AbstractAutowireCapableBeanFactory.populateBean(AbstractAutowireCapableBeanFactory.java:1439)
	at org.springframework.beans.factory.support.AbstractAutowireCapableBeanFactory.doCreateBean(AbstractAutowireCapableBeanFactory.java:599)
	at org.springframework.beans.factory.support.AbstractAutowireCapableBeanFactory.createBean(AbstractAutowireCapableBeanFactory.java:522)
	at org.springframework.beans.factory.support.AbstractBeanFactory.lambda$doGetBean$0(AbstractBeanFactory.java:337)
	at org.springframework.beans.factory.support.DefaultSingletonBeanRegistry.getSingleton(DefaultSingletonBeanRegistry.java:234)
	at org.springframework.beans.factory.support.AbstractBeanFactory.doGetBean(AbstractBeanFactory.java:335)
	at org.springframework.beans.factory.support.AbstractBeanFactory.getBean(AbstractBeanFactory.java:200)
	at org.springframework.beans.factory.support.DefaultListableBeanFactory.preInstantiateSingletons(DefaultListableBeanFactory.java:975)
	at org.springframework.context.support.AbstractApplicationContext.finishBeanFactoryInitialization(AbstractApplicationContext.java:971)
	at org.springframework.context.support.AbstractApplicationContext.refresh(AbstractApplicationContext.java:625)
	at org.springframework.boot.web.servlet.context.ServletWebServerApplicationContext.refresh(ServletWebServerApplicationContext.java:146)
	at org.springframework.boot.SpringApplication.refresh(SpringApplication.java:754)
	at org.springframework.boot.SpringApplication.refreshContext(SpringApplication.java:456)
	at org.springframework.boot.SpringApplication.run(SpringApplication.java:335)
	at org.springframework.boot.SpringApplication.run(SpringApplication.java:1363)
	at org.springframework.boot.SpringApplication.run(SpringApplication.java:1352)
	at com.example.demo.MainApp.main(MainApp.java:11)
Caused by: java.lang.IllegalArgumentException: Could not resolve placeholder 'jwt.public-urls' in value "${jwt.public-urls}"
	at org.springframework.util.PropertyPlaceholderHelper.parseStringValue(PropertyPlaceholderHelper.java:180)
	at org.springframework.util.PropertyPlaceholderHelper.replacePlaceholders(PropertyPlaceholderHelper.java:126)
	at org.springframework.core.env.AbstractPropertyResolver.doResolvePlaceholders(AbstractPropertyResolver.java:239)
	at org.springframework.core.env.AbstractPropertyResolver.resolveRequiredPlaceholders(AbstractPropertyResolver.java:210)
	at org.springframework.context.support.PropertySourcesPlaceholderConfigurer.lambda$processProperties$0(PropertySourcesPlaceholderConfigurer.java:200)
	at org.springframework.beans.factory.support.AbstractBeanFactory.resolveEmbeddedValue(AbstractBeanFactory.java:964)
	at org.springframework.beans.factory.support.DefaultListableBeanFactory.doResolveDependency(DefaultListableBeanFactory.java:1374)
	at org.springframework.beans.factory.support.DefaultListableBeanFactory.resolveDependency(DefaultListableBeanFactory.java:1353)
	at org.springframework.beans.factory.annotation.AutowiredAnnotationBeanPostProcessor$AutowiredFieldElement.resolveFieldValue(AutowiredAnnotationBeanPostProcessor.java:785)
	at org.springframework.beans.factory.annotation.AutowiredAnnotationBeanPostProcessor$AutowiredFieldElement.inject(AutowiredAnnotationBeanPostProcessor.java:768)
	at org.springframework.beans.factory.annotation.InjectionMetadata.inject(InjectionMetadata.java:145)
	at org.springframework.beans.factory.annotation.AutowiredAnnotationBeanPostProcessor.postProcessProperties(AutowiredAnnotationBeanPostProcessor.java:509)
	... 17 common frames omitted
